<?xml version="1.0" encoding="utf-8"?><testsuites><testsuite name="pytest" errors="0" failures="0" skipped="0" tests="1" time="13.255" timestamp="2025-07-27T17:51:30.622921" hostname="james.low_0R5V"><testcase classname="tests.test_aqx_platform.TestAQXLoginFunctionality" name="test_successful_login" time="13.228" /></testsuite></testsuites>