<?xml version="1.0" encoding="utf-8"?><testsuites><testsuite name="pytest" errors="0" failures="0" skipped="0" tests="2" time="25.620" timestamp="2025-07-27T17:52:25.758018" hostname="james.low_0R5V"><testcase classname="tests.test_aqx_platform.TestAQXTradingFunctionality" name="test_bulk_close_positions" time="12.828" /><testcase classname="tests.test_aqx_platform.TestAQXTradingFunctionality" name="test_bulk_delete_orders" time="12.765" /></testsuite></testsuites>