<?xml version="1.0" encoding="utf-8"?><testsuites><testsuite name="pytest" errors="0" failures="0" skipped="0" tests="10" time="122.916" timestamp="2025-07-27T17:48:58.037923" hostname="james.low_0R5V"><testcase classname="tests.test_aqx_platform.TestAQXLoginFunctionality" name="test_login_page_loads" time="7.486" /><testcase classname="tests.test_aqx_platform.TestAQXLoginFunctionality" name="test_successful_login" time="12.966" /><testcase classname="tests.test_aqx_platform.TestAQXTradingFunctionality" name="test_place_buy_order" time="12.447" /><testcase classname="tests.test_aqx_platform.TestAQXTradingFunctionality" name="test_place_sell_order" time="12.787" /><testcase classname="tests.test_aqx_platform.TestAQXTradingFunctionality" name="test_view_notifications" time="12.925" /><testcase classname="tests.test_aqx_platform.TestAQXTradingFunctionality" name="test_view_open_positions" time="12.806" /><testcase classname="tests.test_aqx_platform.TestAQXTradingFunctionality" name="test_view_pending_orders" time="12.842" /><testcase classname="tests.test_aqx_platform.TestAQXTradingFunctionality" name="test_view_position_history" time="12.825" /><testcase classname="tests.test_aqx_platform.TestAQXTradingFunctionality" name="test_bulk_close_positions" time="12.823" /><testcase classname="tests.test_aqx_platform.TestAQXTradingFunctionality" name="test_bulk_delete_orders" time="12.919" /></testsuite></testsuites>