<?xml version="1.0" encoding="utf-8"?><testsuites><testsuite name="pytest" errors="0" failures="0" skipped="0" tests="10" time="16.641" timestamp="2025-07-27T17:53:35.972001" hostname="james.low_0R5V"><testcase classname="tests.test_aqx_platform.TestAQXLoginFunctionality" name="test_login_page_loads" time="8.747" /><testcase classname="tests.test_aqx_platform.TestAQXLoginFunctionality" name="test_successful_login" time="14.257" /><testcase classname="tests.test_aqx_platform.TestAQXTradingFunctionality" name="test_place_sell_order" time="14.601" /><testcase classname="tests.test_aqx_platform.TestAQXTradingFunctionality" name="test_view_position_history" time="15.529" /><testcase classname="tests.test_aqx_platform.TestAQXTradingFunctionality" name="test_bulk_close_positions" time="15.583" /><testcase classname="tests.test_aqx_platform.TestAQXTradingFunctionality" name="test_view_notifications" time="15.576" /><testcase classname="tests.test_aqx_platform.TestAQXTradingFunctionality" name="test_bulk_delete_orders" time="15.586" /><testcase classname="tests.test_aqx_platform.TestAQXTradingFunctionality" name="test_place_buy_order" time="15.713" /><testcase classname="tests.test_aqx_platform.TestAQXTradingFunctionality" name="test_view_pending_orders" time="15.738" /><testcase classname="tests.test_aqx_platform.TestAQXTradingFunctionality" name="test_view_open_positions" time="15.753" /></testsuite></testsuites>