<?xml version="1.0" encoding="utf-8"?><testsuites><testsuite name="pytest" errors="0" failures="0" skipped="0" tests="10" time="121.035" timestamp="2025-07-27T17:11:38.550643" hostname="james.low_0R5V"><testcase classname="tests.test_aqx_platform.TestAQXLoginFunctionality" name="test_login_page_loads" time="6.999" /><testcase classname="tests.test_aqx_platform.TestAQXLoginFunctionality" name="test_successful_login" time="12.711" /><testcase classname="tests.test_aqx_platform.TestAQXTradingFunctionality" name="test_place_buy_order" time="12.245" /><testcase classname="tests.test_aqx_platform.TestAQXTradingFunctionality" name="test_place_sell_order" time="12.707" /><testcase classname="tests.test_aqx_platform.TestAQXTradingFunctionality" name="test_view_notifications" time="12.670" /><testcase classname="tests.test_aqx_platform.TestAQXTradingFunctionality" name="test_view_open_positions" time="12.770" /><testcase classname="tests.test_aqx_platform.TestAQXTradingFunctionality" name="test_view_pending_orders" time="12.695" /><testcase classname="tests.test_aqx_platform.TestAQXTradingFunctionality" name="test_view_position_history" time="12.312" /><testcase classname="tests.test_aqx_platform.TestAQXTradingFunctionality" name="test_bulk_close_positions" time="12.737" /><testcase classname="tests.test_aqx_platform.TestAQXTradingFunctionality" name="test_bulk_delete_orders" time="13.152" /></testsuite></testsuites>