<?xml version="1.0" encoding="utf-8"?><testsuites><testsuite name="pytest" errors="0" failures="0" skipped="0" tests="2" time="26.001" timestamp="2025-07-27T17:51:52.038810" hostname="james.low_0R5V"><testcase classname="tests.test_aqx_platform.TestAQXTradingFunctionality" name="test_place_buy_order" time="13.089" /><testcase classname="tests.test_aqx_platform.TestAQXTradingFunctionality" name="test_place_sell_order" time="12.886" /></testsuite></testsuites>